Arguments: 
  C:\Program Files\nodejs\node.exe C:\Program Files (x86)\Yarn\bin\yarn.js init

PATH: 
  C:\Program Files\PowerShell\7;C:\Program Files\ImageMagick-7.0.11-Q16-HDRI;C:\Program Files\AdoptOpenJDK\jre-16.0.1.9-hotspot\bin;C:\Program Files\AdoptOpenJDK\jre-15.0.2.7-hotspot\bin;C:\Program Files\AdoptOpenJDK\jre-14.0.2.12-hotspot\bin;C:\Program Files\Oracle\VirtualBox;C:\Program Files (x86)\Common Files\Oracle\Java\javapath;C:\Program Files (x86)\Microsoft SDKs\VSTS\CLI\wbin;C:\Program Files (x86)\Microsoft SDKs\Azure\CLI2\wbin;C:\Windows\System32;C:\Windows;C:\Windows\System32\wbem;C:\Windows\SysWOW64\Empirum;C:\Program Files (x86)\Enterprise Vault\EVClient;C:\ProgramData\chocolatey\bin;C:\Program Files (x86)\Microsoft SQL Server\140\Tools\Binn;C:\Program Files\Microsoft SQL Server\140\Tools\Binn;C:\Program Files (x86)\Microsoft SQL Server\140\DTS\Binn;C:\Program Files\Microsoft SQL Server\140\DTS\Binn;C:\Program Files\Microsoft SQL Server\Client SDK\ODBC\130\Tools\Binn;C:\Program Files\Microsoft SQL Server\130\Tools\Binn;C:\Program Files (x86)\Microsoft SQL Server\Client SDK\ODBC\130\Tools\Binn;C:\Program Files (x86)\Microsoft SQL Server\140\Tools\Binn\ManagementStudio;C:\ProgramData\nvm;C:\Program Files\nodejs;C:\Program Files\Microsoft SQL Server\Client SDK\ODBC\170\Tools\Binn;C:\Program Files\Java\jdk1.8.0_211\bin;C:\Program Files\RedHat\java-12-openjdk-12.0.1-1\bin;C:\Program Files\Intel\WiFi\bin;C:\Program Files\Common Files\Intel\WirelessCommon;C:\Program Files (x86)\Microsoft SDKs\Azure\CLI2\Scripts;C:\Program Files\nodejs\node_modules\npm\bin\node-gyp-bin;C:\Program Files\Microsoft MPI\Bin;C:\Windows\System32\WindowsPowerShell\v1.0;C:\Program Files\dotnet;C:\Windows\System32\OpenSSH;C:\Program Files (x86)\Yarn\bin;C:\Program Files (x86)\GitExtensions;C:\Program Files\PowerShell\7;C:\ProgramData\chocolatey\lib\gsudo\bin;C:\Program Files (x86)\dotnet;C:\Program Files\Memurai;C:\Program Files\Go\bin;C:\Program Files\Docker\Docker\resources\bin;C:\ProgramData\DockerDesktop\version-bin;C:\Program Files\Git\cmd;C:\Users\ch1011713\.windows-build-tools\python27\;C:\Program Files\balena-cli\bin;C:\Program Files (x86)\vim\vim80;c:\vscode\bin;C:\Program Files\Git\mingw64\bin;C:\Program Files\Git\usr\bin\core_perl;C:\Program Files\Git\usr\bin\vendor_perl;C:\Program Files\Git\usr\bin;C:\Users\ch1011713\.windows-build-tools\python27;C:\Users\ch1011713\AppData\Local\Yarn\Data\global\node_modules\windows-build-tools\node_modules\.bin;C:\Users\ch1011713\AppData\Local\Continuum\miniconda3;C:\Users\ch1011713\AppData\Local\Continuum\miniconda3\Library\bin;C:\Users\ch1011713\AppData\Local\Continuum\miniconda3\Scripts;C:\Users\ch1011713\bin;C:\Program Files (x86)\Intel\Intel(R) Management Engine Components\iCLS   ;C:\Program Files\Microsoft SQL Server\Client SDK\ODBC\170\Tools\Binn      ;C:\Users\CH1011~1\AppData\Local\MICROS~1\WINDOW~1;C:\Users\CH1011~1\AppData\Local\Programs\AZURED~1\bin;C:\Users\ch1011713\.dotnet\tools;C:\Users\ch1011713\AppData\Local\Programs\Azure Data Studio\bin;C:\Users\ch1011713\AppData\Local\Microsoft\WindowsApps;C:\tools\msys64;C:\Users\ch1011713\AppData\Local\Programs\Fiddler;C:\tools\neovim\Neovim\bin;C:\ProgramData\chocolatey\lib\gsudo\bin;C:\Users\ch1011713\go\bin;C:\Users\ch1011713\AppData\Local\Microsoft\WindowsApps;C:\Program Files (x86)\Nmap;C:\Users\ch1011713\AppData\Local\Yarn\bin;C:\Users\ch1011713\.dotnet\tools;C:\Users\ch1011713\go\bin;C:\Users\ch1011713\.dotnet\tools;C:\Users\ch1011713\go\bin

Yarn version: 
  1.22.5

Node version: 
  14.4.0

Platform: 
  win32 x64

Trace: 
  Error: canceled
      at Interface.<anonymous> (C:\Program Files (x86)\Yarn\lib\cli.js:137009:13)
      at Interface.emit (events.js:315:20)
      at Interface._ttyWrite (readline.js:873:16)
      at ReadStream.onkeypress (readline.js:213:10)
      at ReadStream.emit (events.js:315:20)
      at emitKeys (internal/readline/utils.js:335:14)
      at emitKeys.next (<anonymous>)
      at ReadStream.onData (readline.js:1140:36)
      at ReadStream.emit (events.js:315:20)
      at addChunk (_stream_readable.js:302:12)

npm manifest: 
  {
    "name": "webpubsubdemo",
    "version": "0.0.0",
    "scripts": {
      "dev": "vite",
      "build": "vue-tsc --noEmit && vite build",
      "serve": "vite preview"
    },
    "dependencies": {
      "vue": "^3.0.5"
    },
    "devDependencies": {
      "@vitejs/plugin-vue": "^1.2.3",
      "@vue/compiler-sfc": "^3.0.5",
      "autoprefixer": "latest",
      "postcss": "latest",
      "tailwindcss": "latest",
      "typescript": "^4.1.3",
      "vite": "^2.3.5",
      "vue-tsc": "^0.0.24"
    }
  }

yarn manifest: 
  No manifest

Lockfile: 
  No lockfile
